commit 31a9bee379791e29dd8d0266757b3049dd44169a
Merge: ebe6c9f 00606bc
Author: Bryan Powell <bryanpowell@utexas.edu>
Date:   Fri Apr 8 17:21:11 2016 -0500

    Merge branch 'dev'

commit 00606bc7161567b000c72ddbb2fd0cf6d3be22a4
Author: Bryan Powell <bryanpowell@utexas.edu>
Date:   Fri Apr 8 17:20:44 2016 -0500

    reorganizing

commit ebe6c9f7e0a66117d0891c0733eca7d9f9b87917
Merge: ea608c6 de4dd14
Author: uyviet <uyviet.nguyen@utexas.edu>
Date:   Fri Apr 8 17:16:14 2016 -0500

    Merge branch 'dev'

commit de4dd148288fb3d4f1727bba20b232d49679c8f5
Merge: c9a8d73 efa9fcb
Author: uyviet <uyviet.nguyen@utexas.edu>
Date:   Fri Apr 8 16:45:59 2016 -0500

    Merge branch 'dev' of https://github.com/brpowell/cs373-idb into dev

commit c9a8d73adfb881b07dc87fd423dbe99d7e6caa58
Author: uyviet <uyviet.nguyen@utexas.edu>
Date:   Fri Apr 8 16:45:47 2016 -0500

    new docker files

commit efa9fcbd2b4dca174fb826443c38f322ea1aa1d9
Author: Tin Vo <tinnvo1101@gmail.com>
Date:   Fri Apr 8 16:23:25 2016 -0500

    Updated requirements

commit 70a8b720e5ec07614f38d3f9631a43610b6ca00a
Author: uyviet <uyviet.nguyen@utexas.edu>
Date:   Fri Apr 8 15:25:05 2016 -0500

    new changes to about page

commit fe4790c6cb762663acba6ed49295a3de0a5ec41b
Author: Bryan Powell <bryanpowell@utexas.edu>
Date:   Fri Apr 8 12:28:12 2016 -0500

    moving static folder

commit 7604f5a5f190dcb4865c20488b565c5eb7133444
Author: uyviet <uyviet.nguyen@utexas.edu>
Date:   Fri Apr 8 12:03:02 2016 -0500

    created ggmate module, moved manage.py

commit e323be1cb79ac84f176d673e24419d9a6186871b
Merge: c34439e 0fba554
Author: Tin Vo <tinnvo1101@gmail.com>
Date:   Thu Apr 7 21:53:57 2016 -0500

    Merge branch 'dev' of github.com:brpowell/cs373-idb into dev

commit c34439ea4f4c23f2f6f2bb51915c492207adc84c
Author: Tin Vo <tinnvo1101@gmail.com>
Date:   Thu Apr 7 21:53:31 2016 -0500

    testing

commit 0fba55457ef57ed1e74fd78a58eebd51ef0d14eb
Author: Bryan Powell <bryanpowell@utexas.edu>
Date:   Thu Apr 7 21:53:07 2016 -0500

    stuff

commit 21048e1688ec5c16f79e568148971b943bef42b3
Author: uyviet <uyviet.nguyen@utexas.edu>
Date:   Thu Apr 7 21:22:06 2016 -0500

    fixed run tests again

commit 476d92ff8e07d90e1119cbef358e17d2527d751d
Merge: 8826c3e 8a3a78b
Author: uyviet <uyviet.nguyen@utexas.edu>
Date:   Thu Apr 7 21:16:56 2016 -0500

    Merge branch 'dev' of https://github.com/brpowell/cs373-idb into dev

commit 8826c3e51c9a82ce69ca64e522607f0cc69be20a
Author: uyviet <uyviet.nguyen@utexas.edu>
Date:   Thu Apr 7 21:16:39 2016 -0500

    all grids show up and api is updated

commit 8a3a78bb3242eec70a5001473a955b31ad682a83
Author: Tin Vo <tinnvo1101@gmail.com>
Date:   Thu Apr 7 21:07:14 2016 -0500

    docker/carina stufss

commit d34fd8d1b3d19483f314d13ae0a1e222c802b662
Author: uyviet <uyviet.nguyen@utexas.edu>
Date:   Thu Apr 7 20:57:41 2016 -0500

    all pillars have a grid

commit c649a671552afd48bc0439e196b3f76cc31fa22b
Author: uyviet <uyviet.nguyen@utexas.edu>
Date:   Thu Apr 7 20:13:14 2016 -0500

    working grid. linking models

commit 65ce74f681f60b116c84b2b8114dc0b9d05a26ea
Author: Bryan Powell <bryanpowell@utexas.edu>
Date:   Thu Apr 7 20:02:05 2016 -0500

    css changes and removed s

commit 83fcd21b30e76e11f31707ab7717cec066356535
Author: Bryan Powell <bryanpowell@utexas.edu>
Date:   Thu Apr 7 19:48:34 2016 -0500

    some color changes

commit 78c566eadcbd66d8dd1b5f449bc1d5589786f79e
Merge: 06b9051 9e7dc39
Author: Bryan Powell <bryanpowell@utexas.edu>
Date:   Thu Apr 7 19:43:18 2016 -0500

    has dynamic loading

commit 06b90515c3d4ddbfb08cbe470d4d1d4e8b10de08
Author: Bryan Powell <bryanpowell@utexas.edu>
Date:   Thu Apr 7 19:41:45 2016 -0500

    has dynamic loading

commit 9e7dc3985d65637843b5a0c9e37a7c6d21d7608a
Author: uyviet <uyviet.nguyen@utexas.edu>
Date:   Thu Apr 7 19:01:03 2016 -0500

    shows more rows

commit 653ac840433ea7d2048de2427cad69769dd2c917
Merge: 2542a75 6f69bb5
Author: Bryan Powell <bryanpowell@utexas.edu>
Date:   Thu Apr 7 17:15:22 2016 -0500

    idk

commit 2542a75b2ec6323ac14941684a8e7351a0e9f686
Author: Bryan Powell <bryanpowell@utexas.edu>
Date:   Thu Apr 7 17:12:13 2016 -0500

    something

commit 6f69bb564ba1c6a4073d3469b1a1514f80aad988
Merge: 7bc747b 15152e2
Author: abcapindo <acapindo0123@utexas.edu>
Date:   Thu Apr 7 16:29:22 2016 -0500

    has id passing

commit 7bc747b9d028a2b858395137aa581196c57726b3
Merge: 057e61a 626d775
Author: abcapindo <acapindo0123@utexas.edu>
Date:   Thu Apr 7 16:04:47 2016 -0500

    passing id

commit 15152e285229dba43da2571f3f0ac6a5961cda29
Author: Bryan Powell <bryanpowell@utexas.edu>
Date:   Thu Apr 7 16:03:46 2016 -0500

    Loading data dynamically

commit 5c0f1b352deacc52a2ac6bbebda90bc694fd3dd4
Author: Bryan Powell <bryanpowell@utexas.edu>
Date:   Thu Apr 7 15:17:46 2016 -0500

    changed home and implementing dynamic api

commit 057e61a87c6cd9a9bb96d5f510f8e748b2533347
Author: abcapindo <acapindo0123@utexas.edu>
Date:   Thu Apr 7 14:09:55 2016 -0500

    merging

commit 626d775a52dd5bffa614d6401d5689a17880e338
Author: uyviet <uyviet.nguyen@utexas.edu>
Date:   Thu Apr 7 14:07:08 2016 -0500

    basic pagination for the games

commit f3bebe68c5dbe3d15481b13bcf0b16a0dce640b5
Merge: c15dd40 42d811a
Author: abcapindo <acapindo0123@utexas.edu>
Date:   Thu Apr 7 13:36:40 2016 -0500

    Merge branch 'dev' of github.com:brpowell/cs373-idb into dev

commit c15dd402d0a7f673317bfe00cb42b3633a412a8f
Author: abcapindo <acapindo0123@utexas.edu>
Date:   Thu Apr 7 13:36:32 2016 -0500

    services in app.js can pass data

commit 42d811a47d774e934f0b735ef80ca0d6266af3d7
Author: Bryan Powell <bryanpowell@utexas.edu>
Date:   Thu Apr 7 13:32:36 2016 -0500

    sql file of database, hallelujah

commit dd702e1eb9f7145033f62b90614aa365070f07f3
Author: uyviet <uyviet.nguyen@utexas.edu>
Date:   Thu Apr 7 13:17:40 2016 -0500

    took out ability to delete columns in grid

commit 86e3b3b12523568af2f022851ab026f788ac9e9f
Author: abcapindo <acapindo0123@utexas.edu>
Date:   Thu Apr 7 12:21:21 2016 -0500

    table sorting and figuring out to dynamically pass id to pages

commit 7d252025eef1697ac692d581fa6bcea50d78b86b
Author: abcapindo <acapindo0123@utexas.edu>
Date:   Thu Apr 7 06:48:03 2016 -0500

    ui-grid table added and it sorts, need to change css to it

commit b34417661d58f0a08afe0d259267f1f6b4c0dd98
Merge: 15dc61c 3d74b9f
Author: Tin Vo <tinnvo1101@gmail.com>
Date:   Thu Apr 7 00:36:20 2016 -0500

    Merge branch 'dev' of github.com:brpowell/cs373-idb into dev

commit 15dc61c7b5a82d4f29889e42a9b2f91dc9bf9f83
Author: Tin Vo <tinnvo1101@gmail.com>
Date:   Thu Apr 7 00:36:07 2016 -0500

    Updated Dockerfile for db

commit 3d74b9fe6ca71bcc3cfacb2d9a36684af0ed5231
Merge: b4616b7 9788afe
Author: abcapindo <acapindo0123@utexas.edu>
Date:   Thu Apr 7 00:34:34 2016 -0500

    Merge branch 'dev' of github.com:brpowell/cs373-idb into dev

commit b4616b7bf4b6a997bb2f5306221c8b00c326c346
Author: abcapindo <acapindo0123@utexas.edu>
Date:   Thu Apr 7 00:34:27 2016 -0500

    http requests are kind of working for games

commit 9788afe4a67ee03ccec6f9746444e4360a0fc98c
Author: uyviet <uyviet.nguyen@utexas.edu>
Date:   Wed Apr 6 20:44:21 2016 -0500

    took out extraneous js files

commit a964c3671b40b263c372c67ff5aaf2ca14d55b4a
Author: uyviet <uyviet.nguyen@utexas.edu>
Date:   Wed Apr 6 20:42:30 2016 -0500

    cleaning directories

commit bd1538f590276c82844062e441e74707f9a771fd
Author: uyviet <uyviet.nguyen@utexas.edu>
Date:   Wed Apr 6 20:07:32 2016 -0500

    scroll all the way down

commit b9fc658b4e1fa01e84058f62e70e9d3a19b48dab
Author: uyviet <uyviet.nguyen@utexas.edu>
Date:   Wed Apr 6 20:05:10 2016 -0500

    delete uneeeded files

commit 7081f196cba3e1da47b9fe0efd0877161fd71b8a
Author: uyviet <uyviet.nguyen@utexas.edu>
Date:   Wed Apr 6 20:04:18 2016 -0500

    make code style better, ez money

commit d9dd11603dd6a8a7d65d18ef5ed9021bdc31d71b
Author: abcapindo <acapindo0123@utexas.edu>
Date:   Wed Apr 6 19:59:57 2016 -0500

    its scrolls again

commit af514d729878b109f03099f379f651c757689a7b
Author: abcapindo <acapindo0123@utexas.edu>
Date:   Wed Apr 6 19:34:02 2016 -0500

    another stable version

commit fcf9d12bd8255f9e7467e7fdbd770e9c0ee0414e
Author: abcapindo <acapindo0123@utexas.edu>
Date:   Wed Apr 6 18:59:24 2016 -0500

    changed background back

commit 9e2126e28809ce49291396f35429d6d87fb14470
Author: abcapindo <acapindo0123@utexas.edu>
Date:   Wed Apr 6 17:14:57 2016 -0500

    a stable version

commit af9dfe69ba89459a1a6f8b56e67b7a8823e3884b
Author: Tin Vo <tinnvo1101@gmail.com>
Date:   Wed Apr 6 10:40:03 2016 -0500

    cleaned some code, changed ngroutes, and created the modal for unittests

commit c1c24141e1723f430e28a6fc500fa72ac4d1b798
Author: Bryan Powell <bryanpowell@utexas.edu>
Date:   Tue Apr 5 21:42:52 2016 -0500

    Filling database with games/platforms

commit 7bc11868854af1d7a98680de40748846ae3e8924
Author: abcapindo <acapindo0123@utexas.edu>
Date:   Tue Apr 5 21:42:07 2016 -0500

    index nav stuff

commit 9a1b8e0fd307b8b41eaa2c36aef33bf389276209
Author: Tin Vo <tinnvo1101@gmail.com>
Date:   Tue Apr 5 20:55:18 2016 -0500

    Deleted people.html and js files

commit 0679920747bc7036e370d007ef9cdc4c9462b3c3
Author: Tin Vo <tinnvo1101@gmail.com>
Date:   Tue Apr 5 20:53:37 2016 -0500

    Works

commit 6e0fc7e9d0ea3b426b5f7523ee41d04bfd49892a
Author: Tin Vo <tinnvo1101@gmail.com>
Date:   Tue Apr 5 20:37:38 2016 -0500

    Angular route is working

commit e97ca7e06380d9f6c18fc0b390f27fa0eab3caed
Author: abcapindo <acapindo0123@utexas.edu>
Date:   Tue Apr 5 19:51:37 2016 -0500

    there was merge conflicts left

commit d7cab490e3af4b0f054e69d3e3b22a3cb688de8c
Merge: 9c3b8d2 8e20cf2
Author: abcapindo <acapindo0123@utexas.edu>
Date:   Tue Apr 5 19:50:25 2016 -0500

    has most angular working

commit 9c3b8d29789edc2efd61d650da732e07dae1111d
Author: abcapindo <acapindo0123@utexas.edu>
Date:   Tue Apr 5 19:45:10 2016 -0500

    has angular mostly working

commit 8e20cf26fd82acc7a186ca1489674ea47f5c77f2
Author: Bryan Powell <bryanpowell@utexas.edu>
Date:   Mon Apr 4 23:38:42 2016 -0500

    forgot to take out merge conflict

commit 96d402d0ca5af13955de7bd9eb05f11d054b6aa6
Merge: 559960c 2dded63
Author: Bryan Powell <bryanpowell@utexas.edu>
Date:   Mon Apr 4 23:35:20 2016 -0500

    just work merge omg

commit 559960c313bf201a31aff56d41ed59d2862769a3
Author: Bryan Powell <bryanpowell@utexas.edu>
Date:   Mon Apr 4 23:34:04 2016 -0500

    Tests working, can launch from about page

commit a6dff1608b297b7c00fd242e2c1515f5448a0e5b
Author: Bryan Powell <bryanpowell@utexas.edu>
Date:   Mon Apr 4 23:31:48 2016 -0500

    Tests working, can launch from about

commit 2dded634e8cfb662ea1f5b38edbc8fde204bd946
Author: Tin Vo <tinnvo1101@gmail.com>
Date:   Mon Apr 4 22:32:26 2016 -0500

    Added Google Analytics

commit 34f138aff5c1fc16569829c7724f90ee4280f7ca
Author: Tin Vo <tinnvo1101@gmail.com>
Date:   Mon Apr 4 09:44:19 2016 -0500

    Toggle tests output

commit 8597d70b0d0d92c05a19b41888fec733bcace21f
Author: uyviet <uyviet.nguyen@utexas.edu>
Date:   Mon Apr 4 01:00:12 2016 -0500

    made page scroll on About button, but the button stays green after clicked

commit e8edc633aee84a6da05eabafba80ea09f59c4a7a
Author: Tin Vo <tinnvo1101@gmail.com>
Date:   Sun Apr 3 18:47:26 2016 -0500

    Updated about.html page

commit 506c134c9af6a39775a96bef939a853788800066
Author: uyviet <uyviet.nguyen@utexas.edu>
Date:   Sun Apr 3 16:15:07 2016 -0500

    changed location of video game icon

commit 58645a8698ed47d6cf2e763776e7e063ae28fd60
Author: uyviet <uyviet.nguyen@utexas.edu>
Date:   Sun Apr 3 15:53:36 2016 -0500

    deleted home.html

commit 652a28c5d72655956db629adc7ad22b5c79facb5
Author: uyviet <uyviet.nguyen@utexas.edu>
Date:   Sun Apr 3 15:51:50 2016 -0500

    changed some slogans

commit 25909b7ec6017286fa70127e652964e8e7c336bd
Author: Bryan Powell <bryanpowell@utexas.edu>
Date:   Sun Apr 3 15:22:33 2016 -0500

    Models good to go

commit 6a1ce6099a64dab7e8053ff7dd90657fac9f4899
Merge: 93dc046 1e47cf2
Author: Bryan Powell <bryanpowell@utexas.edu>
Date:   Sun Apr 3 14:02:48 2016 -0500

    Merge branch 'dev' of https://github.com/brpowell/cs373-idb into dev

commit 93dc046cef2387ba74dc81c38305e18e3f7c0988
Author: Bryan Powell <bryanpowell@utexas.edu>
Date:   Sun Apr 3 14:02:38 2016 -0500

    models almost fully functioning

commit 1e47cf29a5c0c35870f020bb00c47b279c5195ed
Author: uyviet <uyviet.nguyen@utexas.edu>
Date:   Sun Apr 3 13:45:26 2016 -0500

    exposed API inside of views.py

commit a03839c2549ee7b35fe4008cac53dee0ef565ac7
Author: Bryan Powell <bryanpowell@utexas.edu>
Date:   Sun Apr 3 12:38:20 2016 -0500

    removing app.py, update requirements

commit 869ddbe8fb87f6deeae567ab6326bbad18b5d04c
Author: Bryan Powell <bryanpowell@utexas.edu>
Date:   Sun Apr 3 12:05:20 2016 -0500

    updated app structure. models inactive

commit 1d8687db38939207ce166bce3a47140a52ef894b
Author: Tin Vo <tinnvo1101@gmail.com>
Date:   Sun Apr 3 11:42:14 2016 -0500

    Added hide tests output button

commit 2f88732bd27ae70e9ef09e0d921e9c7709a361cc
Author: Tin Vo <tinnvo1101@gmail.com>
Date:   Sun Apr 3 11:15:46 2016 -0500

    Reformat the output of the unittests, show the output when running the tests

commit 17261321276927f7b6cbb14b312b1efe5105da43
Author: Tin Vo <tinnvo1101@gmail.com>
Date:   Sun Apr 3 10:46:35 2016 -0500

    Run Tests button on about page is working

commit 958db73f37c171ad7eab7371c9ae6cb10ec1889a
Author: Tin Vo <tinnvo1101@gmail.com>
Date:   Sun Apr 3 01:45:32 2016 -0500

    Testing unittest controller on about page

commit 2051e230701d563c5d3c76bb5315090e3a87a9b8
Author: Tin Vo <tinnvo1101@gmail.com>
Date:   Sun Apr 3 01:27:48 2016 -0500

    changed about page section

commit 62e0fe5767384b73de7b36eaa8457b27417809d8
Author: abcapindo <acapindo0123@utexas.edu>
Date:   Sat Apr 2 13:34:14 2016 -0500

    forgot to take out a merge conflict

commit 6d946999c7e94448368bddd0231785b21b5ec924
Merge: 4c22c2a e2b96c2
Author: abcapindo <acapindo0123@utexas.edu>
Date:   Sat Apr 2 13:12:33 2016 -0500

    website layout/color changes and merged with new backend stuff

commit 4c22c2a3f4991ae113f7391897306250cc779c9f
Author: abcapindo <acapindo0123@utexas.edu>
Date:   Sat Apr 2 13:11:06 2016 -0500

    changes

commit e2b96c232f09dd7ff56d7332f2f386da999caa99
Author: Tin Vo <tinnvo1101@gmail.com>
Date:   Fri Apr 1 09:54:41 2016 -0500

    Added runUnitests service

commit f27b37139067c7657394258ef6bab01296bd7d04
Author: Tin Vo <tinnvo1101@gmail.com>
Date:   Fri Apr 1 01:36:33 2016 -0500

    created db dir for docker, updated makefile, started implementing run unittests on about page

commit 491c007758385c63ab57f074dc7ab2a4c7246e0a
Author: Tin Vo <tinnvo1101@gmail.com>
Date:   Fri Apr 1 01:07:11 2016 -0500

    Updated makefile to initilize and config db for docker

commit c880fa98f1268fa1dbd231b0471e8b3050468bb2
Author: Tin Vo <tinnvo1101@gmail.com>
Date:   Fri Apr 1 01:02:45 2016 -0500

    Updated docker-compose file

commit b84999f52f3252ad6774871f2f03fbb539ddb1b7
Author: uyviet <uyviet.nguyen@utexas.edu>
Date:   Thu Mar 31 22:28:08 2016 -0500

    using sqlalchemy models and flask

commit 182d3b6936f14a22ee3852ca80960568f1f83780
Author: uyviet <uyviet.nguyen@utexas.edu>
Date:   Thu Mar 31 21:15:04 2016 -0500

    angularjs controllers

commit 290d9940b104ce8f0e234cd304c272d2a939c5fb
Author: uyviet <uyviet.nguyen@utexas.edu>
Date:   Wed Mar 30 19:04:51 2016 -0500

    adding angular controllers for each pillar of content

commit 32f1fc9760d4490a9fa110f2ffd25d22e21afc47
Author: Bryan Powell <bryanpowell@utexas.edu>
Date:   Tue Mar 29 23:30:35 2016 -0500

    tweaking/adding bells and whistles

commit 2a819e577ca5ff2ec9299f1de35bb2b6bff902d0
Author: abcapindo <acapindo0123@utexas.edu>
Date:   Tue Mar 29 19:46:30 2016 -0500

    added logo image

commit d4f4ac7e4d26cfdd9ad6292208a122d4c674f45e
Author: abcapindo <acapindo0123@utexas.edu>
Date:   Tue Mar 29 19:40:44 2016 -0500

    changes to colors and what not

commit 0e665e5b8c90f2470b1b61bf5585b8fcfb9aa9e6
Author: abcapindo <acapindo0123@utexas.edu>
Date:   Tue Mar 29 19:19:39 2016 -0500

    merge worked

commit ea608c65e547ea3a42b02ea84a70c3a50d436783
Author: brpowell <bryanpowell@utexas.edu>
Date:   Thu Mar 24 20:58:06 2016 -0500

    Delete company2.html

commit 7829d9e4fa67a24590e2f2a6d4b762b8e859c378
Author: Bryan Powell <bryanpowell@utexas.edu>
Date:   Thu Mar 24 20:56:52 2016 -0500

    git log

commit 3f05d413bafc24156cbe2172cf6ec90cdb78dc34
Author: Bryan Powell <bryanpowell@utexas.edu>
Date:   Thu Mar 24 20:55:06 2016 -0500

    adding documentation

commit e5ac27fd90ff15e2fa4b934353d958711084fd17
Author: Bryan Powell <bryanpowell@utexas.edu>
Date:   Thu Mar 24 20:26:01 2016 -0500

    Tests and models updates

commit 7c3e7f9b6119384c31352daee336c080d149a661
Merge: d552744 bdcba35
Author: Tin Vo <tinnvo1101@gmail.com>
Date:   Thu Mar 24 20:17:17 2016 -0500

    Merge branch 'dev' of github.com:brpowell/cs373-idb into dev

commit d55274441def6d7de1da2b53da4b4cf65e841051
Author: Tin Vo <tinnvo1101@gmail.com>
Date:   Thu Mar 24 20:16:53 2016 -0500

    Added number of commits

commit bdcba356ba14583ce24e09196e15233d61b3cac2
Author: Andrew Capindo <acapindo0123@utexas.edu>
Date:   Thu Mar 24 20:12:11 2016 -0500

    Update .travis.yml

commit dd55fc33c10b6e8eefd5f3ffd6cd880454fdf8ce
Author: Tin Vo <tinnvo1101@gmail.com>
Date:   Thu Mar 24 20:11:17 2016 -0500

    Fixed html files

commit 86552290878c4856e9cc474f6072f62163452378
Author: abcapindo <acapindo0123@utexas.edu>
Date:   Thu Mar 24 18:47:18 2016 -0500

    here is my app.js

commit 59647483c78a4fae5a4379b1e5a7b5f3b06b71da
Author: abcapindo <acapindo0123@utexas.edu>
Date:   Thu Mar 24 18:33:25 2016 -0500

    changed the files

commit e0dfa61dd2d08a661f2e13fc0816b4952b88db70
Author: Uyviet Nguyen <upn63@cs.utexas.edu>
Date:   Thu Mar 24 16:05:42 2016 -0500

    UML diagram

commit 8e71ebc295db75e6b5caad2c91e0bc6e500e11f3
Author: Tin Vo <tinnvo1101@gmail.com>
Date:   Thu Mar 24 11:11:51 2016 -0500

    Updated makefile and .travis

commit c53de5b3f038aa257a5f9c90d0c89654d34aefec
Author: Tin Vo <tinnvo1101@gmail.com>
Date:   Thu Mar 24 10:43:21 2016 -0500

    merged testing to dev

commit 8d68af0ef57fd916f70a96b10645d0e568681910
Author: Bryan Powell <bryanpowell94@gmail.com>
Date:   Wed Mar 23 20:36:37 2016 -0500

    cleaning dev

commit b8298bb328dc5a69060c2a7bd4dd98f94902dffd
Author: abcapindo <acapindo0123@utexas.edu>
Date:   Wed Mar 23 20:28:05 2016 -0500

    has most of the static pages

commit a11335cf9bccb8e5b48a868bc7c3b1bd708abe64
Author: Uyviet Nguyen <uyviet.nguyen@utexas.edu>
Date:   Wed Mar 23 20:17:13 2016 -0500

    Update .travis.yml

commit 292fce24eb4223886fbadf8c4c448212a8afc1b5
Author: Uyviet Nguyen <uyviet.nguyen@utexas.edu>
Date:   Wed Mar 23 20:16:24 2016 -0500

    Update .travis.yml

commit 5f580845d48a6833e7858c274f83eb3f0bc2404c
Author: Uyviet Nguyen <uyviet.nguyen@utexas.edu>
Date:   Wed Mar 23 20:16:04 2016 -0500

    Create .travis.yml

commit 446bce143d50e9bf87c30c59c8640c9728aa0a9a
Merge: 0c199b1 1748666
Author: Bryan Powell <bryanpowell94@gmail.com>
Date:   Tue Mar 22 12:33:51 2016 -0500

    Merge branch 'dev' of https://github.com/brpowell/cs373-idb into dev

commit 0c199b1ae12d8c363ba12081540722fc95a9a204
Author: Bryan Powell <bryanpowell94@gmail.com>
Date:   Tue Mar 22 12:33:41 2016 -0500

    updating scrape files and added api documentation

commit 174866644376a2a2f35824cc2640fb09cf41e6f2
Author: Tin Vo <tinnvo1101@gmail.com>
Date:   Tue Mar 22 10:33:25 2016 -0500

    Completed people.json file

commit 761dcc66aadfcaa9009b79acfabdd3acbeb96fc5
Author: abcapindo <acapindo0123@utexas.edu>
Date:   Mon Mar 21 10:59:27 2016 -0500

    color changes

commit 9939b272a75e60f689946bdf6641549c78ae1129
Author: abcapindo <acapindo0123@utexas.edu>
Date:   Sun Mar 20 16:48:39 2016 -0500

    choosing colors and 1 example game page

commit 50c277138000ce9af922d8b8cb30068bda2dfc0d
Author: Bryan Powell <bryanpowell94@gmail.com>
Date:   Fri Mar 18 14:50:23 2016 -0500

    reorganizing data files

commit 9a1795dd57105d58d6818c82f4e613cd7031f458
Author: Bryan Powell <bryanpowell94@gmail.com>
Date:   Fri Mar 18 11:34:00 2016 -0500

    moved all scraping to scrape folder. added sample data for static pages

commit 6fc38cd72910881638f506c5d9725d74a33b899b
Author: Tin Vo <tinnvo1101@gmail.com>
Date:   Thu Mar 17 21:13:22 2016 -0500

    Added final part of people.json (missing middle part)

commit 06158196f30b8627cb2f25e99c3af95ecca19947
Merge: 2de4f13 6e9933f
Author: Tin Vo <tinnvo1101@gmail.com>
Date:   Thu Mar 17 17:08:24 2016 -0500

    new files

commit 6e9933ff7c1d144c5e5726de2a604bc8097896eb
Author: Bryan Powell <bryanpowell94@gmail.com>
Date:   Thu Mar 17 15:55:13 2016 -0500

    working on makefile and models

commit 2de4f13f13a1580d570fd370127d84fe51f7e7d2
Author: abcapindo <acapindo0123@utexas.edu>
Date:   Thu Mar 17 14:27:03 2016 -0500

    has about and a splash page

commit f4359c251f05f989cde2ae27da0d087ccd002170
Merge: eb0149d 2bf9a3e
Author: Bryan Powell <bryanpowell94@gmail.com>
Date:   Wed Mar 16 20:24:23 2016 -0500

    Merge branch 'dev' of https://github.com/brpowell/cs373-idb into dev

commit eb0149d5c1fa4b5f8d7023205b02e23e035a9d5b
Author: Bryan Powell <bryanpowell94@gmail.com>
Date:   Wed Mar 16 20:24:08 2016 -0500

    Created a json generator to build caches for data

commit 2bf9a3e5a53195420db19cc44783e6d7f86f4bfe
Author: Tin Vo <tinnvo1101@gmail.com>
Date:   Wed Mar 16 15:33:10 2016 -0500

    Added people.json file, there are 78119 people out of 163760 people in the .json file

commit cbe5af336ebffcf41e528c84008ba83be3872bba
Author: Tin Vo <tinnvo1101@gmail.com>
Date:   Tue Mar 15 14:18:22 2016 -0500

    Added games.json for all of the games, each game contains: id, name, deck, image, people, platforms, publishers, and similar_games

commit c6e5bda88fd817a0b500b3eef2927e7f6df9873b
Merge: c6701fd d7780cf
Author: Tin Vo <tinnvo1101@gmail.com>
Date:   Tue Mar 15 13:43:08 2016 -0500

    Merge branch 'dev' of github.com:brpowell/cs373-idb into dev

commit c6701fdc9e48ad5cef8e9ec96de5e700245637cf
Author: Tin Vo <tinnvo1101@gmail.com>
Date:   Tue Mar 15 13:42:37 2016 -0500

    Added companies.json file for all of the companies; each company contains: id, name, deck, date_founded, developed_games, image, people, published_games, webite, location_address, location_city, location_state, and location_country

commit d7780cf8f82aee1239089fb33a67c8c116a231fc
Author: Tin Vo <tinnvo1101@gmail.com>
Date:   Sat Mar 12 22:51:18 2016 -0600

    Added responsive navbar for sm and xs devices

commit 1efd2808c7cdb9bdc68210a19041a63d6b9c4cf9
Author: abcapindo <acapindo0123@utexas.edu>
Date:   Thu Mar 10 18:01:22 2016 -0600

    some work on splash html
